Arguments: 
  /usr/local/bin/node /usr/local/Cellar/yarn/1.7.0/libexec/bin/yarn.js version --no-git-tag-version

PATH: 
  /Users/noyobo/Library/Python/3.7/bin:/Users/noyobo/home/apache-maven-3.3.9/bin:/Users/noyobo/.oh-my-zsh/custom/plugins/git-open:/Users/noyobo/.npm-global/bin:/Users/noyobo/bin:/usr/local/opt/icu4c/sbin:/usr/local/opt/icu4c/bin:/usr/local/bin:/usr/bin:/bin:/usr/sbin:/sbin:/Applications/Wireshark.app/Contents/MacOS:/usr/local/mysql/bin:/Applications/NowaGUI.app/Contents/Resources/app/node_modules/.bin:/Users/noyobo/.nowa-gui/installation/node_modules/.bin:/Users/noyobo/home/github/nowa-gui/app/nodes:/Users/noyobo/home/github/nowa-gui/app/node_modules/.bin

Yarn version: 
  1.7.0

Node version: 
  8.10.0

Platform: 
  darwin x64

Trace: 
  Error: canceled
      at Interface.<anonymous> (/usr/local/Cellar/yarn/1.7.0/libexec/lib/cli.js:131036:13)
      at emitNone (events.js:106:13)
      at Interface.emit (events.js:208:7)
      at Interface._ttyWrite (readline.js:775:16)
      at ReadStream.onkeypress (readline.js:160:10)
      at emitTwo (events.js:126:13)
      at ReadStream.emit (events.js:214:7)
      at emitKeys (internal/readline.js:420:14)
      at emitKeys.next (<anonymous>)
      at ReadStream.onData (readline.js:1011:36)

npm manifest: 
  {
    "name": "@icedesign/qrcode",
    "version": "0.1.0",
    "description": "二维码 hover 组件",
    "main": "lib/index.js",
    "files": [
      "lib/",
      "demo/"
    ],
    "scripts": {
      "start": "ice-devtools start",
      "build": "ice-devtools build",
      "prepublish": "npm run build"
    },
    "author": {
      "name": "ICE Team",
      "email": "ice-admin@alibaba-inc.com"
    },
    "repository": {
      "type": "git",
      "url": "https://github.com/alibaba/ice/tree/master/react-materials/components/qrcode"
    },
    "license": "ISC",
    "keywords": [
      "ice-component"
    ],
    "dependencies": {
      "@icedesign/base": "0.x",
      "foundation-symbol": "^0.1.3",
      "prop-types": "^15.6.0",
      "qrcode.react": "^0.8.0"
    },
    "devDependencies": {},
    "typings": "lib/index.d.ts"
  }

yarn manifest: 
  No manifest

Lockfile: 
  # THIS IS AN AUTOGENERATED FILE. DO NOT EDIT THIS FILE DIRECTLY.
  # yarn lockfile v1
  
  
  "@icedesign/base@0.x":
    version "0.2.4"
    resolved "http://registry.npm.alibaba-inc.com/@icedesign/base/download/@icedesign/base-0.2.4.tgz#c6f84c4010d592ff4c7e5a456047b467704c63ca"
    dependencies:
      async-validator "^1.6.7"
      classnames "^2.2.3"
      cropperjs "^0.7.1"
      enquire.js "^2.1.6"
      object-assign "^4.1.0"
      prop-types "^15.5.10"
      react-transition-group "^1.2.1"
  
  "@icedesign/base@^0.1.4":
    version "0.1.4"
    resolved "http://registry.npm.alibaba-inc.com/@icedesign/base/download/@icedesign/base-0.1.4.tgz#4ddf32caf1262d3010a4c8441b7c10a9aa3418c8"
    dependencies:
      async-validator "^1.6.7"
      classnames "^2.2.3"
      cropperjs "^0.7.1"
      enquire.js "^2.1.6"
      object-assign "^4.1.0"
      prop-types "^15.5.10"
      react-transition-group "^1.2.1"
  
  async-validator@^1.6.7:
    version "1.8.5"
    resolved "http://registry.npm.alibaba-inc.com/async-validator/download/async-validator-1.8.5.tgz#dc3e08ec1fd0dddb67e60842f02c0cd1cec6d7f0"
    dependencies:
      babel-runtime "6.x"
  
  babel-runtime@6.x:
    version "6.26.0"
    resolved "http://registry.npm.alibaba-inc.com/babel-runtime/download/babel-runtime-6.26.0.tgz#965c7058668e82b55d7bfe04ff2337bc8b5647fe"
    dependencies:
      core-js "^2.4.0"
      regenerator-runtime "^0.11.0"
  
  chain-function@^1.0.0:
    version "1.0.1"
    resolved "http://registry.npm.alibaba-inc.com/chain-function/download/chain-function-1.0.1.tgz#c63045e5b4b663fb86f1c6e186adaf1de402a1cc"
  
  classnames@^2.2.3, classnames@^2.2.5:
    version "2.2.6"
    resolved "http://registry.npm.alibaba-inc.com/classnames/download/classnames-2.2.6.tgz#43935bffdd291f326dad0a205309b38d00f650ce"
  
  core-js@^2.4.0:
    version "2.5.7"
    resolved "http://registry.npm.alibaba-inc.com/core-js/download/core-js-2.5.7.tgz#f972608ff0cead68b841a16a932d0b183791814e"
  
  cropperjs@^0.7.1:
    version "0.7.2"
    resolved "http://registry.npm.alibaba-inc.com/cropperjs/download/cropperjs-0.7.2.tgz#6ad8a71db00629ba942d9cede652b27975e9e74a"
  
  dom-helpers@^3.2.0:
    version "3.3.1"
    resolved "http://registry.npm.alibaba-inc.com/dom-helpers/download/dom-helpers-3.3.1.tgz#fc1a4e15ffdf60ddde03a480a9c0fece821dd4a6"
  
  enquire.js@^2.1.6:
    version "2.1.6"
    resolved "http://registry.npm.alibaba-inc.com/enquire.js/download/enquire.js-2.1.6.tgz#3e8780c9b8b835084c3f60e166dbc3c2a3c89814"
  
  foundation-symbol@^0.1.3:
    version "0.1.3"
    resolved "http://registry.npm.alibaba-inc.com/foundation-symbol/download/foundation-symbol-0.1.3.tgz#50d29c3a1247a05f800cfe94827ad45c5db8643c"
    dependencies:
      "@icedesign/base" "^0.1.4"
      classnames "^2.2.5"
      prop-types "^15.6.0"
  
  "js-tokens@^3.0.0 || ^4.0.0":
    version "4.0.0"
    resolved "http://registry.npm.alibaba-inc.com/js-tokens/download/js-tokens-4.0.0.tgz#19203fb59991df98e3a287050d4647cdeaf32499"
  
  loose-envify@^1.0.0, loose-envify@^1.3.1:
    version "1.4.0"
    resolved "http://registry.npm.alibaba-inc.com/loose-envify/download/loose-envify-1.4.0.tgz#71ee51fa7be4caec1a63839f7e682d8132d30caf"
    dependencies:
      js-tokens "^3.0.0 || ^4.0.0"
  
  object-assign@^4.1.0, object-assign@^4.1.1:
    version "4.1.1"
    resolved "http://registry.npm.alibaba-inc.com/object-assign/download/object-assign-4.1.1.tgz#2109adc7965887cfc05cbbd442cac8bfbb360863"
  
  prop-types@^15.5.10, prop-types@^15.5.6, prop-types@^15.6.0:
    version "15.6.2"
    resolved "http://registry.npm.alibaba-inc.com/prop-types/download/prop-types-15.6.2.tgz#05d5ca77b4453e985d60fc7ff8c859094a497102"
    dependencies:
      loose-envify "^1.3.1"
      object-assign "^4.1.1"
  
  qr.js@0.0.0:
    version "0.0.0"
    resolved "http://registry.npm.alibaba-inc.com/qr.js/download/qr.js-0.0.0.tgz#cace86386f59a0db8050fa90d9b6b0e88a1e364f"
  
  qrcode.react@^0.8.0:
    version "0.8.0"
    resolved "http://registry.npm.alibaba-inc.com/qrcode.react/download/qrcode.react-0.8.0.tgz#413b31cc3b62910e39513f7bead945e01c4c34fb"
    dependencies:
      prop-types "^15.6.0"
      qr.js "0.0.0"
  
  react-transition-group@^1.2.1:
    version "1.2.1"
    resolved "http://registry.npm.alibaba-inc.com/react-transition-group/download/react-transition-group-1.2.1.tgz#e11f72b257f921b213229a774df46612346c7ca6"
    dependencies:
      chain-function "^1.0.0"
      dom-helpers "^3.2.0"
      loose-envify "^1.3.1"
      prop-types "^15.5.6"
      warning "^3.0.0"
  
  regenerator-runtime@^0.11.0:
    version "0.11.1"
    resolved "http://registry.npm.alibaba-inc.com/regenerator-runtime/download/regenerator-runtime-0.11.1.tgz#be05ad7f9bf7d22e056f9726cee5017fbf19e2e9"
  
  warning@^3.0.0:
    version "3.0.0"
    resolved "http://registry.npm.alibaba-inc.com/warning/download/warning-3.0.0.tgz#32e5377cb572de4ab04753bdf8821c01ed605b7c"
    dependencies:
      loose-envify "^1.0.0"
